#
# There is insufficient memory for the Java Runtime Environment to continue.
# Native memory allocation (malloc) failed to allocate 262160 bytes for Chunk::new
# Possible reasons:
#   The system is out of physical RAM or swap space
#   In 32 bit mode, the process size limit was hit
# Possible solutions:
#   Reduce memory load on the system
#   Increase physical memory or swap space
#   Check if swap backing store is full
#   Use 64 bit Java on a 64 bit OS
#   Decrease Java heap size (-Xmx/-Xms)
#   Decrease number of Java threads
#   Decrease Java thread stack sizes (-Xss)
#   Set larger code cache with -XX:ReservedCodeCacheSize=
# This output file may be truncated or incomplete.
#
#  Out of Memory Error (allocation.cpp:390), pid=9212, tid=4200
#
# JRE version: Java(TM) SE Runtime Environment (8.0_25-b18) (build 1.8.0_25-b18)
# Java VM: Java HotSpot(TM) 64-Bit Server VM (25.25-b02 mixed mode windows-amd64 compressed oops)
# Failed to write core dump. Minidumps are not enabled by default on client versions of Windows
#

---------------  T H R E A D  ---------------

Current thread (0x00000000154db000):  JavaThread "C2 CompilerThread1" daemon [_thread_in_native, id=4200, stack(0x0000000016b40000,0x0000000016c40000)]

Stack: [0x0000000016b40000,0x0000000016c40000]
Native frames: (J=compiled Java code, j=interpreted, Vv=VM code, C=native code)
V  [jvm.dll+0x31667a]


Current CompileTask:
C2:   9809 1447   !   4       com.android.dx.cf.cst.ConstantPoolParser::parse0 (731 bytes)


---------------  P R O C E S S  ---------------

Java Threads: ( => current thread )
  0x00000000170c9000 JavaThread "pool-2-thread-4" [_thread_in_vm, id=10224, stack(0x0000000017f40000,0x0000000018040000)]
  0x00000000170c8800 JavaThread "pool-2-thread-3" [_thread_in_vm, id=9244, stack(0x0000000017e40000,0x0000000017f40000)]
  0x00000000170c7800 JavaThread "pool-2-thread-2" [_thread_in_Java, id=8220, stack(0x0000000017d40000,0x0000000017e40000)]
  0x00000000170c7000 JavaThread "pool-3-thread-1" [_thread_blocked, id=9752, stack(0x0000000017c40000,0x0000000017d40000)]
  0x0000000017063800 JavaThread "pool-2-thread-1" [_thread_in_Java, id=7040, stack(0x0000000017b40000,0x0000000017c40000)]
  0x0000000016d40800 JavaThread "Service Thread" daemon [_thread_blocked, id=904, stack(0x0000000017140000,0x0000000017240000)]
  0x000000001553b000 JavaThread "C1 CompilerThread2" daemon [_thread_blocked, id=9688, stack(0x0000000016c40000,0x0000000016d40000)]
=>0x00000000154db000 JavaThread "C2 CompilerThread1" daemon [_thread_in_native, id=4200, stack(0x0000000016b40000,0x0000000016c40000)]
  0x00000000154e8000 JavaThread "C2 CompilerThread0" daemon [_thread_blocked, id=7456, stack(0x0000000016a40000,0x0000000016b40000)]
  0x00000000154e6800 JavaThread "Attach Listener" daemon [_thread_blocked, id=10992, stack(0x0000000016940000,0x0000000016a40000)]
  0x00000000154e5000 JavaThread "Signal Dispatcher" daemon [_thread_blocked, id=6828, stack(0x0000000016840000,0x0000000016940000)]
  0x0000000002cfe800 JavaThread "Finalizer" daemon [_thread_blocked, id=5432, stack(0x0000000016740000,0x0000000016840000)]
  0x0000000002cfd800 JavaThread "Reference Handler" daemon [_thread_blocked, id=4888, stack(0x0000000016640000,0x0000000016740000)]
  0x0000000002c10800 JavaThread "main" [_thread_in_vm, id=8968, stack(0x0000000002a70000,0x0000000002b70000)]

Other Threads:
  0x00000000154a5800 VMThread [stack: 0x0000000016540000,0x0000000016640000] [id=9124]
  0x0000000016d46000 WatcherThread [stack: 0x0000000017240000,0x0000000017340000] [id=10928]

VM state:not at safepoint (normal execution)

VM Mutex/Monitor currently owned by a thread: None

Heap:
 PSYoungGen      total 38400K, used 23673K [0x00000000eab00000, 0x00000000ef600000, 0x0000000100000000)
  eden space 33280K, 55% used [0x00000000eab00000,0x00000000ebd21430,0x00000000ecb80000)
  from space 5120K, 99% used [0x00000000ecb80000,0x00000000ed07d1d0,0x00000000ed080000)
  to   space 5120K, 0% used [0x00000000ef100000,0x00000000ef100000,0x00000000ef600000)
 ParOldGen       total 87552K, used 716K [0x00000000c0000000, 0x00000000c5580000, 0x00000000eab00000)
  object space 87552K, 0% used [0x00000000c0000000,0x00000000c00b3348,0x00000000c5580000)
 Metaspace       used 6105K, capacity 7024K, committed 7296K, reserved 1056768K
  class space    used 593K, capacity 616K, committed 640K, reserved 1048576K

Card table byte_map: [0x00000000121d0000,0x00000000123e0000] byte_map_base: 0x0000000011bd0000

Marking Bits: (ParMarkBitMap*) 0x000000006988d490
 Begin Bits: [0x0000000012940000, 0x0000000013940000)
 End Bits:   [0x0000000013940000, 0x0000000014940000)

Polling page: 0x00000000014b0000

CodeCache: size=245760Kb used=6186Kb max_used=6205Kb free=239573Kb
 bounds [0x0000000002e10000, 0x0000000003430000, 0x0000000011e10000]
 total_blobs=1760 nmethods=1495 adapters=179
 compilation: enabled

Compilation events (10 events):
Event: 9.551 Thread 0x00000000154db000 1475       4       com.android.dx.ssa.SsaBasicBlock::forEachInsn (37 bytes)
Event: 9.585 Thread 0x00000000154db000 nmethod 1475 0x0000000003415f50 code [0x00000000034161c0, 0x0000000003417420]
Event: 9.585 Thread 0x00000000154db000 1447   !   4       com.android.dx.cf.cst.ConstantPoolParser::parse0 (731 bytes)
Event: 9.594 Thread 0x00000000154e8000 nmethod 1413 0x0000000003419890 code [0x0000000003419c40, 0x000000000341bec0]
Event: 9.595 Thread 0x00000000154e8000 1486       4       com.android.dx.rop.cst.StdConstantPool::set (123 bytes)
Event: 9.599 Thread 0x00000000154e8000 nmethod 1486 0x0000000003414290 code [0x0000000003414400, 0x00000000034146f8]
Event: 9.599 Thread 0x00000000154e8000 1451       4       com.android.dx.ssa.back.FirstFitLocalCombiningAllocator$1::processInsn (169 bytes)
Event: 9.727 Thread 0x00000000154e8000 nmethod 1451 0x0000000003420590 code [0x0000000003420820, 0x0000000003422900]
Event: 9.727 Thread 0x00000000154e8000 1431       4       com.android.dx.rop.type.Type::isCategory2 (36 bytes)
Event: 9.728 Thread 0x00000000154e8000 nmethod 1431 0x000000000335e710 code [0x000000000335e840, 0x000000000335e8b8]

GC Heap History (2 events):
Event: 7.844 GC heap before
{Heap before GC invocations=1 (full 0):
 PSYoungGen      total 38400K, used 33280K [0x00000000eab00000, 0x00000000ed580000, 0x0000000100000000)
  eden space 33280K, 100% used [0x00000000eab00000,0x00000000ecb80000,0x00000000ecb80000)
  from space 5120K, 0% used [0x00000000ed080000,0x00000000ed080000,0x00000000ed580000)
  to   space 5120K, 0% used [0x00000000ecb80000,0x00000000ecb80000,0x00000000ed080000)
 ParOldGen       total 87552K, used 0K [0x00000000c0000000, 0x00000000c5580000, 0x00000000eab00000)
  object space 87552K, 0% used [0x00000000c0000000,0x00000000c0000000,0x00000000c5580000)
 Metaspace       used 6010K, capacity 6960K, committed 7040K, reserved 1056768K
  class space    used 592K, capacity 616K, committed 640K, reserved 1048576K
Event: 9.123 GC heap after
Heap after GC invocations=1 (full 0):
 PSYoungGen      total 38400K, used 5108K [0x00000000eab00000, 0x00000000ef600000, 0x0000000100000000)
  eden space 33280K, 0% used [0x00000000eab00000,0x00000000eab00000,0x00000000ecb80000)
  from space 5120K, 99% used [0x00000000ecb80000,0x00000000ed07d1d0,0x00000000ed080000)
  to   space 5120K, 0% used [0x00000000ef100000,0x00000000ef100000,0x00000000ef600000)
 ParOldGen       total 87552K, used 716K [0x00000000c0000000, 0x00000000c5580000, 0x00000000eab00000)
  object space 87552K, 0% used [0x00000000c0000000,0x00000000c00b3348,0x00000000c5580000)
 Metaspace       used 6010K, capacity 6960K, committed 7040K, reserved 1056768K
  class space    used 592K, capacity 616K, committed 640K, reserved 1048576K
}

Deoptimization events (9 events):
Event: 5.988 Thread 0x0000000017063800 Uncommon trap: reason=unreached action=reinterpret pc=0x0000000003224ef4 method=com.android.dx.rop.code.LocalItem.hashCode()I @ 25
Event: 5.988 Thread 0x0000000017063800 Uncommon trap: reason=unreached action=reinterpret pc=0x00000000031c8d58 method=com.android.dx.rop.code.LocalItem.hashCode()I @ 25
Event: 6.027 Thread 0x00000000170c7800 Uncommon trap: reason=bimorphic action=maybe_recompile pc=0x000000000306bdf4 method=java.util.HashMap.getNode(ILjava/lang/Object;)Ljava/util/HashMap$Node; @ 126
Event: 6.027 Thread 0x00000000170c7800 Uncommon trap: reason=class_check action=maybe_recompile pc=0x00000000032a7d74 method=java.util.HashMap.putVal(ILjava/lang/Object;Ljava/lang/Object;ZZ)Ljava/lang/Object; @ 203
Event: 9.165 Thread 0x00000000170c9000 Uncommon trap: reason=bimorphic action=maybe_recompile pc=0x000000000306bdf4 method=java.util.HashMap.getNode(ILjava/lang/Object;)Ljava/util/HashMap$Node; @ 126
Event: 9.303 Thread 0x00000000170c7800 Uncommon trap: reason=bimorphic action=maybe_recompile pc=0x0000000003330fe8 method=com.android.dx.cf.code.BytecodeArray.parseInstruction(ILcom/android/dx/cf/code/BytecodeArray$Visitor;)I @ 2484
Event: 9.303 Thread 0x00000000170c7800 Uncommon trap: reason=bimorphic action=maybe_recompile pc=0x0000000003330fe8 method=com.android.dx.cf.code.BytecodeArray.parseInstruction(ILcom/android/dx/cf/code/BytecodeArray$Visitor;)I @ 2484
Event: 9.331 Thread 0x00000000170c9000 Uncommon trap: reason=unreached action=reinterpret pc=0x00000000031f5d50 method=com.android.dx.rop.code.LocalItem.hashCode()I @ 25
Event: 9.505 Thread 0x0000000002c10800 Uncommon trap: reason=unreached action=reinterpret pc=0x000000000315761c method=com.android.dx.rop.cst.Constant.compareTo(Lcom/android/dx/rop/cst/Constant;)I @ 12

Internal exceptions (10 events):
Event: 3.037 Thread 0x00000000170c8800 Exception <a 'java/security/PrivilegedActionException'> (0x00000000eba2df60) thrown at [D:\re\workspace\8-2-build-windows-amd64-cygwin\jdk8u25\1677\hotspot\src\share\vm\prims\jvm.cpp, line 1312]
Event: 3.038 Thread 0x00000000170c7800 Exception <a 'java/security/PrivilegedActionException'> (0x00000000ebbe7d58) thrown at [D:\re\workspace\8-2-build-windows-amd64-cygwin\jdk8u25\1677\hotspot\src\share\vm\prims\jvm.cpp, line 1312]
Event: 3.066 Thread 0x00000000170c8800 Exception <a 'java/security/PrivilegedActionException'> (0x00000000eba79b90) thrown at [D:\re\workspace\8-2-build-windows-amd64-cygwin\jdk8u25\1677\hotspot\src\share\vm\prims\jvm.cpp, line 1312]
Event: 3.089 Thread 0x00000000170c8800 Exception <a 'java/security/PrivilegedActionException'> (0x00000000ebaafa20) thrown at [D:\re\workspace\8-2-build-windows-amd64-cygwin\jdk8u25\1677\hotspot\src\share\vm\prims\jvm.cpp, line 1312]
Event: 3.280 Thread 0x00000000170c9000 Exception <a 'java/security/PrivilegedActionException'> (0x00000000eb98fc70) thrown at [D:\re\workspace\8-2-build-windows-amd64-cygwin\jdk8u25\1677\hotspot\src\share\vm\prims\jvm.cpp, line 1312]
Event: 4.052 Thread 0x00000000170c9000 Exception <a 'java/security/PrivilegedActionException'> (0x00000000ec054568) thrown at [D:\re\workspace\8-2-build-windows-amd64-cygwin\jdk8u25\1677\hotspot\src\share\vm\prims\jvm.cpp, line 1312]
Event: 5.784 Thread 0x0000000002c10800 Exception <a 'java/security/PrivilegedActionException'> (0x00000000ebd741a0) thrown at [D:\re\workspace\8-2-build-windows-amd64-cygwin\jdk8u25\1677\hotspot\src\share\vm\prims\jvm.cpp, line 1312]
Event: 5.811 Thread 0x0000000002c10800 Exception <a 'java/security/PrivilegedActionException'> (0x00000000ebd87e38) thrown at [D:\re\workspace\8-2-build-windows-amd64-cygwin\jdk8u25\1677\hotspot\src\share\vm\prims\jvm.cpp, line 1312]
Event: 6.018 Thread 0x00000000170c8800 Exception <a 'java/security/PrivilegedActionException'> (0x00000000ebe1f3e8) thrown at [D:\re\workspace\8-2-build-windows-amd64-cygwin\jdk8u25\1677\hotspot\src\share\vm\prims\jvm.cpp, line 1312]
Event: 9.489 Thread 0x0000000002c10800 Exception <a 'java/security/PrivilegedActionException'> (0x00000000eb96a420) thrown at [D:\re\workspace\8-2-build-windows-amd64-cygwin\jdk8u25\1677\hotspot\src\share\vm\prims\jvm.cpp, line 1312]

Events (10 events):
Event: 9.303 Thread 0x00000000170c7800 DEOPT PACKING pc=0x0000000003330fe8 sp=0x0000000017e3e740
Event: 9.303 Thread 0x00000000170c7800 DEOPT UNPACKING pc=0x0000000002e5556a sp=0x0000000017e3e6e8 mode 2
Event: 9.331 Thread 0x00000000170c9000 Uncommon trap: trap_request=0xffffffad fr.pc=0x00000000031f5d50
Event: 9.331 Thread 0x00000000170c9000 DEOPT PACKING pc=0x00000000031f5d50 sp=0x000000001803e910
Event: 9.331 Thread 0x00000000170c9000 DEOPT UNPACKING pc=0x0000000002e5556a sp=0x000000001803e4b0 mode 2
Event: 9.489 loading class com/android/dx/cf/attrib/AttExceptions
Event: 9.489 loading class com/android/dx/cf/attrib/AttExceptions done
Event: 9.505 Thread 0x0000000002c10800 Uncommon trap: trap_request=0xffffffad fr.pc=0x000000000315761c
Event: 9.505 Thread 0x0000000002c10800 DEOPT PACKING pc=0x000000000315761c sp=0x0000000002b6e370
Event: 9.505 Thread 0x0000000002c10800 DEOPT UNPACKING pc=0x0000000002e5556a sp=0x0000000002b6e310 mode 2


Dynamic libraries:
0x00007ff7944a0000 - 0x00007ff7944d4000 	C:\Program Files\Java\jdk1.8.0_25\bin\java.exe
0x00007ffaa9520000 - 0x00007ffaa96cd000 	C:\Windows\SYSTEM32\ntdll.dll
0x00007ffaa9280000 - 0x00007ffaa93be000 	C:\Windows\system32\KERNEL32.DLL
0x00007ffaa6a20000 - 0x00007ffaa6b35000 	C:\Windows\system32\KERNELBASE.dll
0x00007ffaa5200000 - 0x00007ffaa528e000 	C:\Windows\system32\apphelp.dll
0x00007ffa8e130000 - 0x00007ffa8e183000 	C:\Windows\AppPatch\AppPatch64\AcGenral.DLL
0x00007ffaa8f00000 - 0x00007ffaa8faa000 	C:\Windows\system32\msvcrt.dll
0x00007ffaa69f0000 - 0x00007ffaa6a1e000 	C:\Windows\system32\SspiCli.dll
0x00007ffaa6f40000 - 0x00007ffaa6f94000 	C:\Windows\system32\SHLWAPI.dll
0x00007ffaa7780000 - 0x00007ffaa78f7000 	C:\Windows\system32\USER32.dll
0x00007ffaa9080000 - 0x00007ffaa9214000 	C:\Windows\system32\ole32.dll
0x00007ffaa79d0000 - 0x00007ffaa8ef9000 	C:\Windows\system32\SHELL32.dll
0x00007ffaa5c00000 - 0x00007ffaa5c21000 	C:\Windows\SYSTEM32\USERENV.dll
0x00007ffaa8fb0000 - 0x00007ffaa905a000 	C:\Windows\system32\ADVAPI32.dll
0x00007ffa9db70000 - 0x00007ffa9db8e000 	C:\Windows\SYSTEM32\MPR.dll
0x00007ffaa6bc0000 - 0x00007ffaa6d00000 	C:\Windows\system32\RPCRT4.dll
0x00007ffaa9220000 - 0x00007ffaa9279000 	C:\Windows\SYSTEM32\sechost.dll
0x00007ffaa7100000 - 0x00007ffaa7312000 	C:\Windows\SYSTEM32\combase.dll
0x00007ffaa93d0000 - 0x00007ffaa951b000 	C:\Windows\system32\GDI32.dll
0x00007ffaa6640000 - 0x00007ffaa6655000 	C:\Windows\SYSTEM32\profapi.dll
0x00007ffaa4a10000 - 0x00007ffaa4ac2000 	C:\Windows\SYSTEM32\SHCORE.dll
0x00007ffaa6d60000 - 0x00007ffaa6d96000 	C:\Windows\system32\IMM32.DLL
0x00007ffaa6fa0000 - 0x00007ffaa70f2000 	C:\Windows\system32\MSCTF.dll
0x00007ffaa3c20000 - 0x00007ffaa3e9b000 	C:\Windows\WinSxS\amd64_microsoft.windows.common-controls_6595b64144ccf1df_6.0.9600.18006_none_623f33d3ecbe86e8\COMCTL32.dll
0x000000006a0e0000 - 0x000000006a1b2000 	C:\Program Files\Java\jdk1.8.0_25\jre\bin\msvcr100.dll
0x00000000690b0000 - 0x000000006990a000 	C:\Program Files\Java\jdk1.8.0_25\jre\bin\server\jvm.dll
0x00007ffa9b010000 - 0x00007ffa9b019000 	C:\Windows\SYSTEM32\WSOCK32.dll
0x00007ffaa1a80000 - 0x00007ffaa1aa2000 	C:\Windows\SYSTEM32\WINMM.dll
0x00007ffaa93c0000 - 0x00007ffaa93c7000 	C:\Windows\system32\PSAPI.DLL
0x00007ffaa6ee0000 - 0x00007ffaa6f3a000 	C:\Windows\system32\WS2_32.dll
0x00007ffaa1a30000 - 0x00007ffaa1a5a000 	C:\Windows\SYSTEM32\WINMMBASE.dll
0x00007ffaa6da0000 - 0x00007ffaa6da9000 	C:\Windows\system32\NSI.dll
0x00007ffaa67c0000 - 0x00007ffaa680f000 	C:\Windows\SYSTEM32\cfgmgr32.dll
0x00007ffaa5470000 - 0x00007ffaa5498000 	C:\Windows\SYSTEM32\DEVOBJ.dll
0x000000006b500000 - 0x000000006b50f000 	C:\Program Files\Java\jdk1.8.0_25\jre\bin\verify.dll
0x000000006b4d0000 - 0x000000006b4f8000 	C:\Program Files\Java\jdk1.8.0_25\jre\bin\java.dll
0x000000006b4b0000 - 0x000000006b4c6000 	C:\Program Files\Java\jdk1.8.0_25\jre\bin\zip.dll
0x00007ffa9a650000 - 0x00007ffa9a7d9000 	C:\Windows\SYSTEM32\dbghelp.dll

VM Arguments:
jvm_args: -Djava.awt.headless=true -Xmx1024M -Dfile.encoding=windows-1252 -Duser.country=IN -Duser.language=en -Duser.variant 
java_command: com.android.dx.command.Main --dex --force-jumbo --num-threads=4 --multi-dex --output F:\Tech\Play\MyApplication\app\build\intermediates\transforms\dex\debug\folders\1000\10\com.android.support-appcompat-v7-26.0.0-alpha1_f1c670188891d58f98fa4aeb9deb444bbb72b4c8 F:\Tech\Play\MyApplication\app\build\intermediates\exploded-aar\com.android.support\appcompat-v7\26.0.0-alpha1\jars\classes.jar
java_class_path (initial): C:\Users\ADITYA\AppData\Local\Android\sdk\build-tools\23.0.2\lib\dx.jar
Launcher Type: SUN_STANDARD

Environment Variables:
JAVA_HOME=C:\Program Files\Java\jdk1.8.0_25
PATH=C:\Program Files (x86)\NVIDIA Corporation\PhysX\Common;C:\ProgramData\Oracle\Java\javapath;C:\Program Files (x86)\Intel\iCLS Client\;C:\Program Files\Intel\iCLS Client\;%SystemRoot%\system32;%SystemRoot%;%SystemRoot%\System32\Wbem;%SYSTEMROOT%\System32\WindowsPowerShell\v1.0\;C:\Program Files\Intel\Intel(R) Management Engine Components\DAL;C:\Program Files (x86)\Intel\Intel(R) Management Engine Components\DAL;C:\Program Files\Intel\Intel(R) Management Engine Components\IPT;C:\Program Files (x86)\Intel\Intel(R) Management Engine Components\IPT;C:\Program Files\Intel\WiFi\bin\;C:\Program Files\Common Files\Intel\WirelessCommon\;C:\Program Files (x86)\Skype\Phone\;C:\Program Files\nodejs\;C:\Program Files\Git\;C:\Program Files\Git\cmd;C:\Program Files\nodejs\node_modules\npm\bin\;C:\Program Files (x86)\Autodesk\Backburner\;C:\Android;C:\Windows\System32;C:\Users\ADITYA\AppData\Roaming\npm
USERNAME=ADITYA
OS=Windows_NT
PROCESSOR_IDENTIFIER=Intel64 Family 6 Model 61 Stepping 4, GenuineIntel



---------------  S Y S T E M  ---------------

OS: Windows 8.1 , 64 bit Build 9600 

CPU:total 4 (2 cores per cpu, 2 threads per core) family 6 model 61 stepping 4, cmov, cx8, fxsr, mmx, sse, sse2, sse3, ssse3, sse4.1, sse4.2, popcnt, avx, avx2, aes, clmul, erms, lzcnt, ht, tsc, tscinvbit, bmi1, bmi2

Memory: 4k page, physical 8297112k(818576k free), swap 11442840k(5092k free)

vm_info: Java HotSpot(TM) 64-Bit Server VM (25.25-b02) for windows-amd64 JRE (1.8.0_25-b18), built on Oct  7 2014 14:25:37 by "java_re" with MS VC++ 10.0 (VS2010)

time: Sat Dec 16 22:18:56 2017
elapsed time: 9 seconds (0d 0h 0m 9s)

