#
# There is insufficient memory for the Java Runtime Environment to continue.
# Native memory allocation (malloc) failed to allocate 67108880 bytes for Chunk::new
# Possible reasons:
#   The system is out of physical RAM or swap space
#   In 32 bit mode, the process size limit was hit
# Possible solutions:
#   Reduce memory load on the system
#   Increase physical memory or swap space
#   Check if swap backing store is full
#   Use 64 bit Java on a 64 bit OS
#   Decrease Java heap size (-Xmx/-Xms)
#   Decrease number of Java threads
#   Decrease Java thread stack sizes (-Xss)
#   Set larger code cache with -XX:ReservedCodeCacheSize=
# This output file may be truncated or incomplete.
#
#  Out of Memory Error (allocation.cpp:390), pid=11176, tid=6968
#
# JRE version: Java(TM) SE Runtime Environment (8.0_25-b18) (build 1.8.0_25-b18)
# Java VM: Java HotSpot(TM) 64-Bit Server VM (25.25-b02 mixed mode windows-amd64 compressed oops)
# Failed to write core dump. Minidumps are not enabled by default on client versions of Windows
#

---------------  T H R E A D  ---------------

Current thread (0x00000000152b8000):  JavaThread "C2 CompilerThread0" daemon [_thread_in_native, id=6968, stack(0x0000000016800000,0x0000000016900000)]

Stack: [0x0000000016800000,0x0000000016900000]
Native frames: (J=compiled Java code, j=interpreted, Vv=VM code, C=native code)
V  [jvm.dll+0x31667a]
V  [jvm.dll+0x267073]
V  [jvm.dll+0x267cb3]
V  [jvm.dll+0x25f5b5]
V  [jvm.dll+0xbf165]
V  [jvm.dll+0xbf60c]
V  [jvm.dll+0x40c68]
V  [jvm.dll+0x45f0b0]
V  [jvm.dll+0x45f36a]
V  [jvm.dll+0x46024f]
V  [jvm.dll+0x462311]
V  [jvm.dll+0x464745]
V  [jvm.dll+0x4650cc]
V  [jvm.dll+0x465413]
V  [jvm.dll+0x4522c3]
V  [jvm.dll+0x453864]
V  [jvm.dll+0x437372]
V  [jvm.dll+0x98a02]
V  [jvm.dll+0x991f3]
V  [jvm.dll+0x22bde4]
V  [jvm.dll+0x2852fa]
C  [msvcr100.dll+0x21d9f]
C  [msvcr100.dll+0x21e3b]
C  [KERNEL32.DLL+0x13d2]
C  [ntdll.dll+0x154e4]


Current CompileTask:
C2:  18286 1780   !   4       com.android.dx.cf.code.Ropper::processBlock (1101 bytes)


---------------  P R O C E S S  ---------------

Java Threads: ( => current thread )
  0x0000000002ae0800 JavaThread "DestroyJavaVM" [_thread_blocked, id=5460, stack(0x00000000029e0000,0x0000000002ae0000)]
  0x0000000015303800 JavaThread "Service Thread" daemon [_thread_blocked, id=4652, stack(0x0000000016b00000,0x0000000016c00000)]
  0x0000000015300000 JavaThread "C1 CompilerThread2" daemon [_thread_blocked, id=10984, stack(0x0000000016a00000,0x0000000016b00000)]
  0x00000000152fd800 JavaThread "C2 CompilerThread1" daemon [_thread_blocked, id=3860, stack(0x0000000016900000,0x0000000016a00000)]
=>0x00000000152b8000 JavaThread "C2 CompilerThread0" daemon [_thread_in_native, id=6968, stack(0x0000000016800000,0x0000000016900000)]
  0x00000000152b6800 JavaThread "Attach Listener" daemon [_thread_blocked, id=10880, stack(0x0000000016700000,0x0000000016800000)]
  0x00000000152b5800 JavaThread "Signal Dispatcher" daemon [_thread_blocked, id=9424, stack(0x0000000016600000,0x0000000016700000)]
  0x0000000002bd0800 JavaThread "Finalizer" daemon [_thread_blocked, id=7612, stack(0x0000000016500000,0x0000000016600000)]
  0x0000000002bcd000 JavaThread "Reference Handler" daemon [_thread_blocked, id=9280, stack(0x0000000016400000,0x0000000016500000)]

Other Threads:
  0x0000000015275800 VMThread [stack: 0x0000000016300000,0x0000000016400000] [id=6432]
  0x0000000015306800 WatcherThread [stack: 0x0000000016c00000,0x0000000016d00000] [id=10468]

VM state:not at safepoint (normal execution)

VM Mutex/Monitor currently owned by a thread: None

Heap:
 PSYoungGen      total 71680K, used 7148K [0x00000000eab00000, 0x00000000f3700000, 0x0000000100000000)
  eden space 66560K, 3% used [0x00000000eab00000,0x00000000eacfd768,0x00000000eec00000)
  from space 5120K, 99% used [0x00000000eec00000,0x00000000ef0fdc80,0x00000000ef100000)
  to   space 5120K, 0% used [0x00000000f3200000,0x00000000f3200000,0x00000000f3700000)
 ParOldGen       total 87552K, used 9326K [0x00000000c0000000, 0x00000000c5580000, 0x00000000eab00000)
  object space 87552K, 10% used [0x00000000c0000000,0x00000000c091bbc0,0x00000000c5580000)
 Metaspace       used 7103K, capacity 7672K, committed 7936K, reserved 1056768K
  class space    used 674K, capacity 688K, committed 768K, reserved 1048576K

Card table byte_map: [0x0000000011fa0000,0x00000000121b0000] byte_map_base: 0x00000000119a0000

Marking Bits: (ParMarkBitMap*) 0x000000006988d490
 Begin Bits: [0x0000000012710000, 0x0000000013710000)
 End Bits:   [0x0000000013710000, 0x0000000014710000)

Polling page: 0x0000000002900000

CodeCache: size=245760Kb used=8764Kb max_used=8778Kb free=236995Kb
 bounds [0x0000000002be0000, 0x0000000003480000, 0x0000000011be0000]
 total_blobs=2489 nmethods=2213 adapters=189
 compilation: enabled

Compilation events (10 events):
Event: 12.488 Thread 0x0000000015300000 2266       3       java.security.CodeSource::matchCerts (254 bytes)
Event: 12.489 Thread 0x0000000015300000 nmethod 2266 0x0000000003470250 code [0x0000000003470460, 0x0000000003470fd8]
Event: 12.607 Thread 0x00000000152fd800 2267       4       sun.nio.cs.UTF_8$Encoder::encode (359 bytes)
Event: 12.616 Thread 0x00000000152fd800 nmethod 2267 0x000000000346b990 code [0x000000000346bae0, 0x000000000346bfc8]
Event: 13.507 Thread 0x0000000015300000 2268       3       java.nio.HeapByteBuffer::_get (7 bytes)
Event: 13.508 Thread 0x0000000015300000 nmethod 2268 0x000000000346fe90 code [0x000000000346ffe0, 0x0000000003470150]
Event: 13.508 Thread 0x0000000015300000 2269   !   3       sun.misc.URLClassPath$JarLoader::getResource (85 bytes)
Event: 13.509 Thread 0x0000000015300000 nmethod 2269 0x0000000003473850 code [0x0000000003473ae0, 0x00000000034749c8]
Event: 14.225 Thread 0x00000000152fd800 2270  s!   4       sun.misc.URLClassPath::getLoader (154 bytes)
Event: 14.242 Thread 0x00000000152fd800 nmethod 2270 0x00000000034777d0 code [0x00000000034779a0, 0x0000000003478720]

GC Heap History (6 events):
Event: 5.009 GC heap before
{Heap before GC invocations=1 (full 0):
 PSYoungGen      total 38400K, used 33280K [0x00000000eab00000, 0x00000000ed580000, 0x0000000100000000)
  eden space 33280K, 100% used [0x00000000eab00000,0x00000000ecb80000,0x00000000ecb80000)
  from space 5120K, 0% used [0x00000000ed080000,0x00000000ed080000,0x00000000ed580000)
  to   space 5120K, 0% used [0x00000000ecb80000,0x00000000ecb80000,0x00000000ed080000)
 ParOldGen       total 87552K, used 0K [0x00000000c0000000, 0x00000000c5580000, 0x00000000eab00000)
  object space 87552K, 0% used [0x00000000c0000000,0x00000000c0000000,0x00000000c5580000)
 Metaspace       used 5991K, capacity 6960K, committed 7040K, reserved 1056768K
  class space    used 593K, capacity 616K, committed 640K, reserved 1048576K
Event: 5.541 GC heap after
Heap after GC invocations=1 (full 0):
 PSYoungGen      total 38400K, used 5102K [0x00000000eab00000, 0x00000000ef600000, 0x0000000100000000)
  eden space 33280K, 0% used [0x00000000eab00000,0x00000000eab00000,0x00000000ecb80000)
  from space 5120K, 99% used [0x00000000ecb80000,0x00000000ed07ba28,0x00000000ed080000)
  to   space 5120K, 0% used [0x00000000ef100000,0x00000000ef100000,0x00000000ef600000)
 ParOldGen       total 87552K, used 1478K [0x00000000c0000000, 0x00000000c5580000, 0x00000000eab00000)
  object space 87552K, 1% used [0x00000000c0000000,0x00000000c01718b8,0x00000000c5580000)
 Metaspace       used 5991K, capacity 6960K, committed 7040K, reserved 1056768K
  class space    used 593K, capacity 616K, committed 640K, reserved 1048576K
}
Event: 6.370 GC heap before
{Heap before GC invocations=2 (full 0):
 PSYoungGen      total 38400K, used 38382K [0x00000000eab00000, 0x00000000ef600000, 0x0000000100000000)
  eden space 33280K, 100% used [0x00000000eab00000,0x00000000ecb80000,0x00000000ecb80000)
  from space 5120K, 99% used [0x00000000ecb80000,0x00000000ed07ba28,0x00000000ed080000)
  to   space 5120K, 0% used [0x00000000ef100000,0x00000000ef100000,0x00000000ef600000)
 ParOldGen       total 87552K, used 1478K [0x00000000c0000000, 0x00000000c5580000, 0x00000000eab00000)
  object space 87552K, 1% used [0x00000000c0000000,0x00000000c01718b8,0x00000000c5580000)
 Metaspace       used 6145K, capacity 7088K, committed 7296K, reserved 1056768K
  class space    used 594K, capacity 616K, committed 640K, reserved 1048576K
Event: 6.528 GC heap after
Heap after GC invocations=2 (full 0):
 PSYoungGen      total 71680K, used 5093K [0x00000000eab00000, 0x00000000ef600000, 0x0000000100000000)
  eden space 66560K, 0% used [0x00000000eab00000,0x00000000eab00000,0x00000000eec00000)
  from space 5120K, 99% used [0x00000000ef100000,0x00000000ef5f9510,0x00000000ef600000)
  to   space 5120K, 0% used [0x00000000eec00000,0x00000000eec00000,0x00000000ef100000)
 ParOldGen       total 87552K, used 6226K [0x00000000c0000000, 0x00000000c5580000, 0x00000000eab00000)
  object space 87552K, 7% used [0x00000000c0000000,0x00000000c0614ba0,0x00000000c5580000)
 Metaspace       used 6145K, capacity 7088K, committed 7296K, reserved 1056768K
  class space    used 594K, capacity 616K, committed 640K, reserved 1048576K
}
Event: 8.819 GC heap before
{Heap before GC invocations=3 (full 0):
 PSYoungGen      total 71680K, used 71653K [0x00000000eab00000, 0x00000000ef600000, 0x0000000100000000)
  eden space 66560K, 100% used [0x00000000eab00000,0x00000000eec00000,0x00000000eec00000)
  from space 5120K, 99% used [0x00000000ef100000,0x00000000ef5f9510,0x00000000ef600000)
  to   space 5120K, 0% used [0x00000000eec00000,0x00000000eec00000,0x00000000ef100000)
 ParOldGen       total 87552K, used 6226K [0x00000000c0000000, 0x00000000c5580000, 0x00000000eab00000)
  object space 87552K, 7% used [0x00000000c0000000,0x00000000c0614ba0,0x00000000c5580000)
 Metaspace       used 6572K, capacity 7440K, committed 7680K, reserved 1056768K
  class space    used 615K, capacity 648K, committed 768K, reserved 1048576K
Event: 8.892 GC heap after
Heap after GC invocations=3 (full 0):
 PSYoungGen      total 71680K, used 5111K [0x00000000eab00000, 0x00000000f3700000, 0x0000000100000000)
  eden space 66560K, 0% used [0x00000000eab00000,0x00000000eab00000,0x00000000eec00000)
  from space 5120K, 99% used [0x00000000eec00000,0x00000000ef0fdc80,0x00000000ef100000)
  to   space 5120K, 0% used [0x00000000f3200000,0x00000000f3200000,0x00000000f3700000)
 ParOldGen       total 87552K, used 9326K [0x00000000c0000000, 0x00000000c5580000, 0x00000000eab00000)
  object space 87552K, 10% used [0x00000000c0000000,0x00000000c091bbc0,0x00000000c5580000)
 Metaspace       used 6572K, capacity 7440K, committed 7680K, reserved 1056768K
  class space    used 615K, capacity 648K, committed 768K, reserved 1048576K
}

Deoptimization events (10 events):
Event: 8.437 Thread 0x0000000002ae0800 Uncommon trap: reason=class_check action=maybe_recompile pc=0x0000000002fde010 method=java.util.Arrays.equals([Ljava/lang/Object;[Ljava/lang/Object;)Z @ 62
Event: 8.437 Thread 0x0000000002ae0800 Uncommon trap: reason=class_check action=maybe_recompile pc=0x0000000002fde010 method=java.util.Arrays.equals([Ljava/lang/Object;[Ljava/lang/Object;)Z @ 62
Event: 8.721 Thread 0x0000000002ae0800 Uncommon trap: reason=unreached action=reinterpret pc=0x00000000033c1570 method=com.android.dx.dex.code.LocalList$MakeState.filterSpec(Lcom/android/dx/rop/code/RegisterSpec;)Lcom/android/dx/rop/code/RegisterSpec; @ 11
Event: 10.278 Thread 0x0000000002ae0800 Uncommon trap: reason=unreached action=reinterpret pc=0x0000000002f4b1a8 method=java.util.Arrays.copyOf([Ljava/lang/Object;ILjava/lang/Class;)[Ljava/lang/Object; @ 3
Event: 10.757 Thread 0x0000000002ae0800 Uncommon trap: reason=speculate_class_check action=maybe_recompile pc=0x000000000345d6bc method=java.util.HashMap.putVal(ILjava/lang/Object;Ljava/lang/Object;ZZ)Ljava/lang/Object; @ 56
Event: 10.758 Thread 0x0000000002ae0800 Uncommon trap: reason=speculate_class_check action=maybe_recompile pc=0x000000000345d708 method=java.util.HashMap.putVal(ILjava/lang/Object;Ljava/lang/Object;ZZ)Ljava/lang/Object; @ 152
Event: 10.758 Thread 0x0000000002ae0800 Uncommon trap: reason=speculate_class_check action=maybe_recompile pc=0x000000000345d6bc method=java.util.HashMap.putVal(ILjava/lang/Object;Ljava/lang/Object;ZZ)Ljava/lang/Object; @ 56
Event: 10.758 Thread 0x0000000002ae0800 Uncommon trap: reason=speculate_class_check action=maybe_recompile pc=0x000000000345d6bc method=java.util.HashMap.putVal(ILjava/lang/Object;Ljava/lang/Object;ZZ)Ljava/lang/Object; @ 56
Event: 10.758 Thread 0x0000000002ae0800 Uncommon trap: reason=class_check action=maybe_recompile pc=0x00000000033a05c4 method=java.util.HashMap.putVal(ILjava/lang/Object;Ljava/lang/Object;ZZ)Ljava/lang/Object; @ 56
Event: 10.758 Thread 0x0000000002ae0800 Uncommon trap: reason=class_check action=maybe_recompile pc=0x00000000033a05c4 method=java.util.HashMap.putVal(ILjava/lang/Object;Ljava/lang/Object;ZZ)Ljava/lang/Object; @ 56

Internal exceptions (10 events):
Event: 14.002 Thread 0x0000000002ae0800 Exception <a 'java/security/PrivilegedActionException'> (0x00000000eac43330) thrown at [D:\re\workspace\8-2-build-windows-amd64-cygwin\jdk8u25\1677\hotspot\src\share\vm\prims\jvm.cpp, line 1312]
Event: 14.004 Thread 0x0000000002ae0800 Exception <a 'java/security/PrivilegedActionException'> (0x00000000eac47e78) thrown at [D:\re\workspace\8-2-build-windows-amd64-cygwin\jdk8u25\1677\hotspot\src\share\vm\prims\jvm.cpp, line 1312]
Event: 14.005 Thread 0x0000000002ae0800 Exception <a 'java/security/PrivilegedActionException'> (0x00000000eac49de8) thrown at [D:\re\workspace\8-2-build-windows-amd64-cygwin\jdk8u25\1677\hotspot\src\share\vm\prims\jvm.cpp, line 1312]
Event: 14.117 Thread 0x0000000002ae0800 Exception <a 'java/security/PrivilegedActionException'> (0x00000000eac4c1d8) thrown at [D:\re\workspace\8-2-build-windows-amd64-cygwin\jdk8u25\1677\hotspot\src\share\vm\prims\jvm.cpp, line 1312]
Event: 14.239 Thread 0x0000000002ae0800 Exception <a 'java/security/PrivilegedActionException'> (0x00000000eac4e148) thrown at [D:\re\workspace\8-2-build-windows-amd64-cygwin\jdk8u25\1677\hotspot\src\share\vm\prims\jvm.cpp, line 1312]
Event: 14.239 Thread 0x0000000002ae0800 Exception <a 'java/security/PrivilegedActionException'> (0x00000000eac51790) thrown at [D:\re\workspace\8-2-build-windows-amd64-cygwin\jdk8u25\1677\hotspot\src\share\vm\prims\jvm.cpp, line 1312]
Event: 14.240 Thread 0x0000000002ae0800 Exception <a 'java/security/PrivilegedActionException'> (0x00000000eac547c0) thrown at [D:\re\workspace\8-2-build-windows-amd64-cygwin\jdk8u25\1677\hotspot\src\share\vm\prims\jvm.cpp, line 1312]
Event: 14.240 Thread 0x0000000002ae0800 Exception <a 'java/security/PrivilegedActionException'> (0x00000000eac57c00) thrown at [D:\re\workspace\8-2-build-windows-amd64-cygwin\jdk8u25\1677\hotspot\src\share\vm\prims\jvm.cpp, line 1312]
Event: 14.241 Thread 0x0000000002ae0800 Exception <a 'java/security/PrivilegedActionException'> (0x00000000eac5b000) thrown at [D:\re\workspace\8-2-build-windows-amd64-cygwin\jdk8u25\1677\hotspot\src\share\vm\prims\jvm.cpp, line 1312]
Event: 14.241 Thread 0x0000000002ae0800 Exception <a 'java/security/PrivilegedActionException'> (0x00000000eac5e458) thrown at [D:\re\workspace\8-2-build-windows-amd64-cygwin\jdk8u25\1677\hotspot\src\share\vm\prims\jvm.cpp, line 1312]

Events (10 events):
Event: 14.241 loading class com/android/dx/merge/InstructionTransformer$FieldVisitor done
Event: 14.241 loading class com/android/dx/merge/InstructionTransformer$MethodVisitor
Event: 14.241 loading class com/android/dx/merge/InstructionTransformer$MethodVisitor done
Event: 14.291 loading class java/util/jar/JarOutputStream
Event: 14.393 loading class java/util/zip/ZipOutputStream
Event: 15.043 loading class java/util/zip/DeflaterOutputStream
Event: 15.092 loading class java/util/zip/DeflaterOutputStream done
Event: 15.092 loading class java/util/zip/ZipOutputStream done
Event: 15.092 loading class java/util/jar/JarOutputStream done
Event: 15.092 loading class java/util/zip/Deflater


Dynamic libraries:
0x00007ff7944a0000 - 0x00007ff7944d4000 	C:\Program Files\Java\jdk1.8.0_25\bin\java.exe
0x00007ffaa9520000 - 0x00007ffaa96cd000 	C:\Windows\SYSTEM32\ntdll.dll
0x00007ffaa9280000 - 0x00007ffaa93be000 	C:\Windows\system32\KERNEL32.DLL
0x00007ffaa6a20000 - 0x00007ffaa6b35000 	C:\Windows\system32\KERNELBASE.dll
0x00007ffaa5200000 - 0x00007ffaa528e000 	C:\Windows\system32\apphelp.dll
0x00007ffa8e130000 - 0x00007ffa8e183000 	C:\Windows\AppPatch\AppPatch64\AcGenral.DLL
0x00007ffaa8f00000 - 0x00007ffaa8faa000 	C:\Windows\system32\msvcrt.dll
0x00007ffaa69f0000 - 0x00007ffaa6a1e000 	C:\Windows\system32\SspiCli.dll
0x00007ffaa6f40000 - 0x00007ffaa6f94000 	C:\Windows\system32\SHLWAPI.dll
0x00007ffaa7780000 - 0x00007ffaa78f7000 	C:\Windows\system32\USER32.dll
0x00007ffaa9080000 - 0x00007ffaa9214000 	C:\Windows\system32\ole32.dll
0x00007ffaa79d0000 - 0x00007ffaa8ef9000 	C:\Windows\system32\SHELL32.dll
0x00007ffaa5c00000 - 0x00007ffaa5c21000 	C:\Windows\SYSTEM32\USERENV.dll
0x00007ffaa8fb0000 - 0x00007ffaa905a000 	C:\Windows\system32\ADVAPI32.dll
0x00007ffa9db70000 - 0x00007ffa9db8e000 	C:\Windows\SYSTEM32\MPR.dll
0x00007ffaa6bc0000 - 0x00007ffaa6d00000 	C:\Windows\system32\RPCRT4.dll
0x00007ffaa9220000 - 0x00007ffaa9279000 	C:\Windows\SYSTEM32\sechost.dll
0x00007ffaa7100000 - 0x00007ffaa7312000 	C:\Windows\SYSTEM32\combase.dll
0x00007ffaa93d0000 - 0x00007ffaa951b000 	C:\Windows\system32\GDI32.dll
0x00007ffaa6640000 - 0x00007ffaa6655000 	C:\Windows\SYSTEM32\profapi.dll
0x00007ffaa4a10000 - 0x00007ffaa4ac2000 	C:\Windows\SYSTEM32\SHCORE.dll
0x00007ffaa6d60000 - 0x00007ffaa6d96000 	C:\Windows\system32\IMM32.DLL
0x00007ffaa6fa0000 - 0x00007ffaa70f2000 	C:\Windows\system32\MSCTF.dll
0x00007ffaa3c20000 - 0x00007ffaa3e9b000 	C:\Windows\WinSxS\amd64_microsoft.windows.common-controls_6595b64144ccf1df_6.0.9600.18006_none_623f33d3ecbe86e8\COMCTL32.dll
0x000000006a0e0000 - 0x000000006a1b2000 	C:\Program Files\Java\jdk1.8.0_25\jre\bin\msvcr100.dll
0x00000000690b0000 - 0x000000006990a000 	C:\Program Files\Java\jdk1.8.0_25\jre\bin\server\jvm.dll
0x00007ffa9b010000 - 0x00007ffa9b019000 	C:\Windows\SYSTEM32\WSOCK32.dll
0x00007ffaa1a80000 - 0x00007ffaa1aa2000 	C:\Windows\SYSTEM32\WINMM.dll
0x00007ffaa93c0000 - 0x00007ffaa93c7000 	C:\Windows\system32\PSAPI.DLL
0x00007ffaa6ee0000 - 0x00007ffaa6f3a000 	C:\Windows\system32\WS2_32.dll
0x00007ffaa1a30000 - 0x00007ffaa1a5a000 	C:\Windows\SYSTEM32\WINMMBASE.dll
0x00007ffaa6da0000 - 0x00007ffaa6da9000 	C:\Windows\system32\NSI.dll
0x00007ffaa67c0000 - 0x00007ffaa680f000 	C:\Windows\SYSTEM32\cfgmgr32.dll
0x00007ffaa5470000 - 0x00007ffaa5498000 	C:\Windows\SYSTEM32\DEVOBJ.dll
0x000000006b500000 - 0x000000006b50f000 	C:\Program Files\Java\jdk1.8.0_25\jre\bin\verify.dll
0x000000006b4d0000 - 0x000000006b4f8000 	C:\Program Files\Java\jdk1.8.0_25\jre\bin\java.dll
0x000000006b4b0000 - 0x000000006b4c6000 	C:\Program Files\Java\jdk1.8.0_25\jre\bin\zip.dll
0x00007ffa9a650000 - 0x00007ffa9a7d9000 	C:\Windows\SYSTEM32\dbghelp.dll

VM Arguments:
jvm_args: -Djava.awt.headless=true -Xmx1024M -Dfile.encoding=windows-1252 -Duser.country=IN -Duser.language=en -Duser.variant 
java_command: com.android.dx.command.Main --dex --force-jumbo --num-threads=4 --output F:\Tech\Play\MyApplication\app\build\intermediates\pre-dexed\debug\com.android.support-support-fragment-26.0.0-alpha1_200d8b654b298c1d379207716eba66d44003628f.jar F:\Tech\Play\MyApplication\app\build\intermediates\exploded-aar\com.android.support\support-fragment\26.0.0-alpha1\jars\classes.jar
java_class_path (initial): C:\Users\ADITYA\AppData\Local\Android\sdk\build-tools\23.0.2\lib\dx.jar
Launcher Type: SUN_STANDARD

Environment Variables:
JAVA_HOME=C:\Program Files\Java\jdk1.8.0_25
PATH=C:\Program Files (x86)\NVIDIA Corporation\PhysX\Common;C:\ProgramData\Oracle\Java\javapath;C:\Program Files (x86)\Intel\iCLS Client\;C:\Program Files\Intel\iCLS Client\;%SystemRoot%\system32;%SystemRoot%;%SystemRoot%\System32\Wbem;%SYSTEMROOT%\System32\WindowsPowerShell\v1.0\;C:\Program Files\Intel\Intel(R) Management Engine Components\DAL;C:\Program Files (x86)\Intel\Intel(R) Management Engine Components\DAL;C:\Program Files\Intel\Intel(R) Management Engine Components\IPT;C:\Program Files (x86)\Intel\Intel(R) Management Engine Components\IPT;C:\Program Files\Intel\WiFi\bin\;C:\Program Files\Common Files\Intel\WirelessCommon\;C:\Program Files (x86)\Skype\Phone\;C:\Program Files\nodejs\;C:\Program Files\Git\;C:\Program Files\Git\cmd;C:\Program Files\nodejs\node_modules\npm\bin\;C:\Program Files (x86)\Autodesk\Backburner\;C:\Android;C:\Windows\System32;C:\Users\ADITYA\AppData\Roaming\npm
USERNAME=ADITYA
OS=Windows_NT
PROCESSOR_IDENTIFIER=Intel64 Family 6 Model 61 Stepping 4, GenuineIntel



---------------  S Y S T E M  ---------------

OS: Windows 8.1 , 64 bit Build 9600 

CPU:total 4 (2 cores per cpu, 2 threads per core) family 6 model 61 stepping 4, cmov, cx8, fxsr, mmx, sse, sse2, sse3, ssse3, sse4.1, sse4.2, popcnt, avx, avx2, aes, clmul, erms, lzcnt, ht, tsc, tscinvbit, bmi1, bmi2

Memory: 4k page, physical 8297112k(693552k free), swap 11442840k(131764k free)

vm_info: Java HotSpot(TM) 64-Bit Server VM (25.25-b02) for windows-amd64 JRE (1.8.0_25-b18), built on Oct  7 2014 14:25:37 by "java_re" with MS VC++ 10.0 (VS2010)

time: Sat Dec 16 15:16:58 2017
elapsed time: 18 seconds (0d 0h 0m 18s)

