#
# There is insufficient memory for the Java Runtime Environment to continue.
# Native memory allocation (malloc) failed to allocate 159440 bytes for Chunk::new
# Possible reasons:
#   The system is out of physical RAM or swap space
#   In 32 bit mode, the process size limit was hit
# Possible solutions:
#   Reduce memory load on the system
#   Increase physical memory or swap space
#   Check if swap backing store is full
#   Use 64 bit Java on a 64 bit OS
#   Decrease Java heap size (-Xmx/-Xms)
#   Decrease number of Java threads
#   Decrease Java thread stack sizes (-Xss)
#   Set larger code cache with -XX:ReservedCodeCacheSize=
# This output file may be truncated or incomplete.
#
#  Out of Memory Error (allocation.cpp:390), pid=6696, tid=10768
#
# JRE version: Java(TM) SE Runtime Environment (8.0_25-b18) (build 1.8.0_25-b18)
# Java VM: Java HotSpot(TM) 64-Bit Server VM (25.25-b02 mixed mode windows-amd64 compressed oops)
# Failed to write core dump. Minidumps are not enabled by default on client versions of Windows
#

---------------  T H R E A D  ---------------

Current thread (0x0000000014f5e800):  JavaThread "C2 CompilerThread1" daemon [_thread_in_native, id=10768, stack(0x00000000165c0000,0x00000000166c0000)]

Stack: [0x00000000165c0000,0x00000000166c0000]
Native frames: (J=compiled Java code, j=interpreted, Vv=VM code, C=native code)
V  [jvm.dll+0x31667a]


Current CompileTask:
C2:   9803 1605       4       com.android.dx.dex.code.OutputFinisher::addConstants (93 bytes)


---------------  P R O C E S S  ---------------

Java Threads: ( => current thread )
  0x0000000016924800 JavaThread "pool-1-thread-1" [_thread_in_Java, id=7124, stack(0x0000000016dc0000,0x0000000016ec0000)]
  0x0000000014fbe000 JavaThread "Service Thread" daemon [_thread_blocked, id=5672, stack(0x0000000016bc0000,0x0000000016cc0000)]
  0x0000000014fbc000 JavaThread "C1 CompilerThread2" daemon [_thread_blocked, id=4156, stack(0x00000000166c0000,0x00000000167c0000)]
=>0x0000000014f5e800 JavaThread "C2 CompilerThread1" daemon [_thread_in_native, id=10768, stack(0x00000000165c0000,0x00000000166c0000)]
  0x0000000014f5b000 JavaThread "C2 CompilerThread0" daemon [_thread_in_native, id=4900, stack(0x00000000164c0000,0x00000000165c0000)]
  0x0000000014f59800 JavaThread "Attach Listener" daemon [_thread_blocked, id=9880, stack(0x00000000163c0000,0x00000000164c0000)]
  0x0000000014f58800 JavaThread "Signal Dispatcher" daemon [_thread_blocked, id=10704, stack(0x00000000162c0000,0x00000000163c0000)]
  0x0000000002880800 JavaThread "Finalizer" daemon [_thread_blocked, id=8176, stack(0x00000000161c0000,0x00000000162c0000)]
  0x000000000287d000 JavaThread "Reference Handler" daemon [_thread_blocked, id=6168, stack(0x00000000160c0000,0x00000000161c0000)]
  0x0000000002790800 JavaThread "main" [_thread_blocked, id=8872, stack(0x0000000002690000,0x0000000002790000)]

Other Threads:
  0x0000000014f25800 VMThread [stack: 0x0000000015fc0000,0x00000000160c0000] [id=8608]
  0x00000000167c6800 WatcherThread [stack: 0x0000000016cc0000,0x0000000016dc0000] [id=8856]

VM state:not at safepoint (normal execution)

VM Mutex/Monitor currently owned by a thread: None

Heap:
 PSYoungGen      total 38400K, used 34069K [0x00000000eab00000, 0x00000000ef600000, 0x0000000100000000)
  eden space 33280K, 87% used [0x00000000eab00000,0x00000000ec746ac0,0x00000000ecb80000)
  from space 5120K, 99% used [0x00000000ecb80000,0x00000000ed07eac8,0x00000000ed080000)
  to   space 5120K, 0% used [0x00000000ef100000,0x00000000ef100000,0x00000000ef600000)
 ParOldGen       total 87552K, used 1585K [0x00000000c0000000, 0x00000000c5580000, 0x00000000eab00000)
  object space 87552K, 1% used [0x00000000c0000000,0x00000000c018c4f0,0x00000000c5580000)
 Metaspace       used 6172K, capacity 7088K, committed 7296K, reserved 1056768K
  class space    used 600K, capacity 616K, committed 640K, reserved 1048576K

Card table byte_map: [0x0000000011c50000,0x0000000011e60000] byte_map_base: 0x0000000011650000

Marking Bits: (ParMarkBitMap*) 0x000000006988d490
 Begin Bits: [0x00000000123c0000, 0x00000000133c0000)
 End Bits:   [0x00000000133c0000, 0x00000000143c0000)

Polling page: 0x0000000000e40000

CodeCache: size=245760Kb used=6440Kb max_used=6440Kb free=239319Kb
 bounds [0x0000000002890000, 0x0000000002ef0000, 0x0000000011890000]
 total_blobs=1857 nmethods=1592 adapters=179
 compilation: enabled

Compilation events (10 events):
Event: 9.649 Thread 0x0000000014f5b000 1603       4       java.util.HashMap::putVal (300 bytes)
Event: 9.661 Thread 0x0000000014f5b000 nmethod 1603 0x0000000002eda750 code [0x0000000002eda900, 0x0000000002edb0f0]
Event: 9.661 Thread 0x0000000014fbc000 1604       1       com.android.dx.dex.file.DexFile::getByteData (5 bytes)
Event: 9.662 Thread 0x0000000014fbc000 nmethod 1604 0x0000000002eda490 code [0x0000000002eda5e0, 0x0000000002eda6f0]
Event: 9.663 Thread 0x0000000014f5e800 1605       4       com.android.dx.dex.code.OutputFinisher::addConstants (93 bytes)
Event: 9.727 Thread 0x0000000014fbc000 1606       3       com.android.dx.dex.code.OutputFinisher::getAllConstants (47 bytes)
Event: 9.728 Thread 0x0000000014fbc000 nmethod 1606 0x0000000002edda10 code [0x0000000002eddc40, 0x0000000002ede5a8]
Event: 9.728 Thread 0x0000000014fbc000 1607       1       com.android.dx.dex.code.OutputFinisher::hasAnyPositionInfo (5 bytes)
Event: 9.728 Thread 0x0000000014fbc000 nmethod 1607 0x0000000002eda1d0 code [0x0000000002eda320, 0x0000000002eda430]
Event: 9.730 Thread 0x0000000014f5b000 1608       4       com.android.dx.dex.code.OutputFinisher::addConstants (68 bytes)

GC Heap History (2 events):
Event: 2.963 GC heap before
{Heap before GC invocations=1 (full 0):
 PSYoungGen      total 38400K, used 33280K [0x00000000eab00000, 0x00000000ed580000, 0x0000000100000000)
  eden space 33280K, 100% used [0x00000000eab00000,0x00000000ecb80000,0x00000000ecb80000)
  from space 5120K, 0% used [0x00000000ed080000,0x00000000ed080000,0x00000000ed580000)
  to   space 5120K, 0% used [0x00000000ecb80000,0x00000000ecb80000,0x00000000ed080000)
 ParOldGen       total 87552K, used 0K [0x00000000c0000000, 0x00000000c5580000, 0x00000000eab00000)
  object space 87552K, 0% used [0x00000000c0000000,0x00000000c0000000,0x00000000c5580000)
 Metaspace       used 5990K, capacity 6960K, committed 7040K, reserved 1056768K
  class space    used 592K, capacity 616K, committed 640K, reserved 1048576K
Event: 3.106 GC heap after
Heap after GC invocations=1 (full 0):
 PSYoungGen      total 38400K, used 5114K [0x00000000eab00000, 0x00000000ef600000, 0x0000000100000000)
  eden space 33280K, 0% used [0x00000000eab00000,0x00000000eab00000,0x00000000ecb80000)
  from space 5120K, 99% used [0x00000000ecb80000,0x00000000ed07eac8,0x00000000ed080000)
  to   space 5120K, 0% used [0x00000000ef100000,0x00000000ef100000,0x00000000ef600000)
 ParOldGen       total 87552K, used 1585K [0x00000000c0000000, 0x00000000c5580000, 0x00000000eab00000)
  object space 87552K, 1% used [0x00000000c0000000,0x00000000c018c4f0,0x00000000c5580000)
 Metaspace       used 5990K, capacity 6960K, committed 7040K, reserved 1056768K
  class space    used 592K, capacity 616K, committed 640K, reserved 1048576K
}

Deoptimization events (10 events):
Event: 9.562 Thread 0x0000000016924800 Uncommon trap: reason=class_check action=maybe_recompile pc=0x0000000002e18320 method=java.util.Arrays.hashCode([Ljava/lang/Object;)I @ 43
Event: 9.562 Thread 0x0000000016924800 Uncommon trap: reason=class_check action=maybe_recompile pc=0x0000000002e18320 method=java.util.Arrays.hashCode([Ljava/lang/Object;)I @ 43
Event: 9.564 Thread 0x0000000016924800 Uncommon trap: reason=class_check action=maybe_recompile pc=0x0000000002dd3900 method=java.util.Arrays.hashCode([Ljava/lang/Object;)I @ 43
Event: 9.605 Thread 0x0000000016924800 Uncommon trap: reason=bimorphic action=maybe_recompile pc=0x0000000002b12414 method=java.util.HashMap.getNode(ILjava/lang/Object;)Ljava/util/HashMap$Node; @ 126
Event: 9.616 Thread 0x0000000016924800 Uncommon trap: reason=bimorphic action=maybe_recompile pc=0x0000000002b12414 method=java.util.HashMap.getNode(ILjava/lang/Object;)Ljava/util/HashMap$Node; @ 126
Event: 9.616 Thread 0x0000000016924800 Uncommon trap: reason=bimorphic action=maybe_recompile pc=0x0000000002b12414 method=java.util.HashMap.getNode(ILjava/lang/Object;)Ljava/util/HashMap$Node; @ 126
Event: 9.616 Thread 0x0000000016924800 Uncommon trap: reason=bimorphic action=maybe_recompile pc=0x0000000002a9e6d0 method=java.util.HashMap.getNode(ILjava/lang/Object;)Ljava/util/HashMap$Node; @ 126
Event: 9.616 Thread 0x0000000016924800 Uncommon trap: reason=class_check action=maybe_recompile pc=0x0000000002d16418 method=java.util.HashMap.putVal(ILjava/lang/Object;Ljava/lang/Object;ZZ)Ljava/lang/Object; @ 203
Event: 9.649 Thread 0x0000000016924800 Uncommon trap: reason=class_check action=maybe_recompile pc=0x0000000002d16418 method=java.util.HashMap.putVal(ILjava/lang/Object;Ljava/lang/Object;ZZ)Ljava/lang/Object; @ 203
Event: 9.649 Thread 0x0000000016924800 Uncommon trap: reason=class_check action=maybe_recompile pc=0x0000000002d16418 method=java.util.HashMap.putVal(ILjava/lang/Object;Ljava/lang/Object;ZZ)Ljava/lang/Object; @ 203

Internal exceptions (10 events):
Event: 2.108 Thread 0x0000000002790800 Exception <a 'java/security/PrivilegedActionException'> (0x00000000ec1742b8) thrown at [D:\re\workspace\8-2-build-windows-amd64-cygwin\jdk8u25\1677\hotspot\src\share\vm\prims\jvm.cpp, line 1312]
Event: 2.126 Thread 0x000000001692e000 Exception <a 'java/security/PrivilegedActionException'> (0x00000000ec29a2f8) thrown at [D:\re\workspace\8-2-build-windows-amd64-cygwin\jdk8u25\1677\hotspot\src\share\vm\prims\jvm.cpp, line 1312]
Event: 2.590 Thread 0x0000000016932000 Exception <a 'java/security/PrivilegedActionException'> (0x00000000ec5e33c8) thrown at [D:\re\workspace\8-2-build-windows-amd64-cygwin\jdk8u25\1677\hotspot\src\share\vm\prims\jvm.cpp, line 1312]
Event: 2.591 Thread 0x0000000016932000 Exception <a 'java/security/PrivilegedActionException'> (0x00000000ec5e8e30) thrown at [D:\re\workspace\8-2-build-windows-amd64-cygwin\jdk8u25\1677\hotspot\src\share\vm\prims\jvm.cpp, line 1312]
Event: 2.607 Thread 0x0000000016932000 Exception <a 'java/security/PrivilegedActionException'> (0x00000000ec5ee640) thrown at [D:\re\workspace\8-2-build-windows-amd64-cygwin\jdk8u25\1677\hotspot\src\share\vm\prims\jvm.cpp, line 1312]
Event: 3.144 Thread 0x0000000016932000 Exception <a 'java/security/PrivilegedActionException'> (0x00000000eb1fae88) thrown at [D:\re\workspace\8-2-build-windows-amd64-cygwin\jdk8u25\1677\hotspot\src\share\vm\prims\jvm.cpp, line 1312]
Event: 3.207 Thread 0x0000000016917800 Exception <a 'java/security/PrivilegedActionException'> (0x00000000eb80fe78) thrown at [D:\re\workspace\8-2-build-windows-amd64-cygwin\jdk8u25\1677\hotspot\src\share\vm\prims\jvm.cpp, line 1312]
Event: 7.166 Thread 0x0000000002790800 Exception <a 'java/security/PrivilegedActionException'> (0x00000000ebde05b0) thrown at [D:\re\workspace\8-2-build-windows-amd64-cygwin\jdk8u25\1677\hotspot\src\share\vm\prims\jvm.cpp, line 1312]
Event: 9.563 Thread 0x0000000016924800 Exception <a 'java/security/PrivilegedActionException'> (0x00000000ec6e4208) thrown at [D:\re\workspace\8-2-build-windows-amd64-cygwin\jdk8u25\1677\hotspot\src\share\vm\prims\jvm.cpp, line 1312]
Event: 9.628 Thread 0x0000000016924800 Exception <a 'java/security/PrivilegedActionException'> (0x00000000ec6f6408) thrown at [D:\re\workspace\8-2-build-windows-amd64-cygwin\jdk8u25\1677\hotspot\src\share\vm\prims\jvm.cpp, line 1312]

Events (10 events):
Event: 9.616 Thread 0x0000000016924800 DEOPT PACKING pc=0x0000000002d16418 sp=0x0000000016ebf000
Event: 9.616 Thread 0x0000000016924800 DEOPT UNPACKING pc=0x00000000028d556a sp=0x0000000016ebef78 mode 2
Event: 9.628 loading class com/android/dx/dex/file/CatchStructs
Event: 9.628 loading class com/android/dx/dex/file/CatchStructs done
Event: 9.649 Thread 0x0000000016924800 Uncommon trap: trap_request=0xffffffde fr.pc=0x0000000002d16418
Event: 9.649 Thread 0x0000000016924800 DEOPT PACKING pc=0x0000000002d16418 sp=0x0000000016ebee60
Event: 9.649 Thread 0x0000000016924800 DEOPT UNPACKING pc=0x00000000028d556a sp=0x0000000016ebedd8 mode 2
Event: 9.649 Thread 0x0000000016924800 Uncommon trap: trap_request=0xffffffde fr.pc=0x0000000002d16418
Event: 9.649 Thread 0x0000000016924800 DEOPT PACKING pc=0x0000000002d16418 sp=0x0000000016ebee60
Event: 9.649 Thread 0x0000000016924800 DEOPT UNPACKING pc=0x00000000028d556a sp=0x0000000016ebedd8 mode 2


Dynamic libraries:
0x00007ff7944a0000 - 0x00007ff7944d4000 	C:\Program Files\Java\jdk1.8.0_25\bin\java.exe
0x00007ffaa9520000 - 0x00007ffaa96cd000 	C:\Windows\SYSTEM32\ntdll.dll
0x00007ffaa9280000 - 0x00007ffaa93be000 	C:\Windows\system32\KERNEL32.DLL
0x00007ffaa6a20000 - 0x00007ffaa6b35000 	C:\Windows\system32\KERNELBASE.dll
0x00007ffaa5200000 - 0x00007ffaa528e000 	C:\Windows\system32\apphelp.dll
0x00007ffa8e130000 - 0x00007ffa8e183000 	C:\Windows\AppPatch\AppPatch64\AcGenral.DLL
0x00007ffaa8f00000 - 0x00007ffaa8faa000 	C:\Windows\system32\msvcrt.dll
0x00007ffaa69f0000 - 0x00007ffaa6a1e000 	C:\Windows\system32\SspiCli.dll
0x00007ffaa6f40000 - 0x00007ffaa6f94000 	C:\Windows\system32\SHLWAPI.dll
0x00007ffaa7780000 - 0x00007ffaa78f7000 	C:\Windows\system32\USER32.dll
0x00007ffaa9080000 - 0x00007ffaa9214000 	C:\Windows\system32\ole32.dll
0x00007ffaa79d0000 - 0x00007ffaa8ef9000 	C:\Windows\system32\SHELL32.dll
0x00007ffaa5c00000 - 0x00007ffaa5c21000 	C:\Windows\SYSTEM32\USERENV.dll
0x00007ffaa8fb0000 - 0x00007ffaa905a000 	C:\Windows\system32\ADVAPI32.dll
0x00007ffa9db70000 - 0x00007ffa9db8e000 	C:\Windows\SYSTEM32\MPR.dll
0x00007ffaa6bc0000 - 0x00007ffaa6d00000 	C:\Windows\system32\RPCRT4.dll
0x00007ffaa9220000 - 0x00007ffaa9279000 	C:\Windows\SYSTEM32\sechost.dll
0x00007ffaa7100000 - 0x00007ffaa7312000 	C:\Windows\SYSTEM32\combase.dll
0x00007ffaa93d0000 - 0x00007ffaa951b000 	C:\Windows\system32\GDI32.dll
0x00007ffaa6640000 - 0x00007ffaa6655000 	C:\Windows\SYSTEM32\profapi.dll
0x00007ffaa4a10000 - 0x00007ffaa4ac2000 	C:\Windows\SYSTEM32\SHCORE.dll
0x00007ffaa6d60000 - 0x00007ffaa6d96000 	C:\Windows\system32\IMM32.DLL
0x00007ffaa6fa0000 - 0x00007ffaa70f2000 	C:\Windows\system32\MSCTF.dll
0x00007ffaa3c20000 - 0x00007ffaa3e9b000 	C:\Windows\WinSxS\amd64_microsoft.windows.common-controls_6595b64144ccf1df_6.0.9600.18006_none_623f33d3ecbe86e8\COMCTL32.dll
0x000000006a0e0000 - 0x000000006a1b2000 	C:\Program Files\Java\jdk1.8.0_25\jre\bin\msvcr100.dll
0x00000000690b0000 - 0x000000006990a000 	C:\Program Files\Java\jdk1.8.0_25\jre\bin\server\jvm.dll
0x00007ffa9b010000 - 0x00007ffa9b019000 	C:\Windows\SYSTEM32\WSOCK32.dll
0x00007ffaa1a80000 - 0x00007ffaa1aa2000 	C:\Windows\SYSTEM32\WINMM.dll
0x00007ffaa93c0000 - 0x00007ffaa93c7000 	C:\Windows\system32\PSAPI.DLL
0x00007ffaa6ee0000 - 0x00007ffaa6f3a000 	C:\Windows\system32\WS2_32.dll
0x00007ffaa1a30000 - 0x00007ffaa1a5a000 	C:\Windows\SYSTEM32\WINMMBASE.dll
0x00007ffaa6da0000 - 0x00007ffaa6da9000 	C:\Windows\system32\NSI.dll
0x00007ffaa67c0000 - 0x00007ffaa680f000 	C:\Windows\SYSTEM32\cfgmgr32.dll
0x00007ffaa5470000 - 0x00007ffaa5498000 	C:\Windows\SYSTEM32\DEVOBJ.dll
0x000000006b500000 - 0x000000006b50f000 	C:\Program Files\Java\jdk1.8.0_25\jre\bin\verify.dll
0x000000006b4d0000 - 0x000000006b4f8000 	C:\Program Files\Java\jdk1.8.0_25\jre\bin\java.dll
0x000000006b4b0000 - 0x000000006b4c6000 	C:\Program Files\Java\jdk1.8.0_25\jre\bin\zip.dll
0x00007ffa9a650000 - 0x00007ffa9a7d9000 	C:\Windows\SYSTEM32\dbghelp.dll

VM Arguments:
jvm_args: -Djava.awt.headless=true -Xmx1024M -Dfile.encoding=windows-1252 -Duser.country=IN -Duser.language=en -Duser.variant 
java_command: com.android.dx.command.Main --dex --force-jumbo --num-threads=4 --multi-dex --output F:\Tech\Play\MyApplication\app\build\intermediates\transforms\dex\debug\folders\1000\10\com.android.support-support-core-utils-26.0.0-alpha1_7ecc9a3ce19ab2d0ff37062e0cc053b727b8ea67 F:\Tech\Play\MyApplication\app\build\intermediates\exploded-aar\com.android.support\support-core-utils\26.0.0-alpha1\jars\classes.jar
java_class_path (initial): C:\Users\ADITYA\AppData\Local\Android\sdk\build-tools\23.0.2\lib\dx.jar
Launcher Type: SUN_STANDARD

Environment Variables:
JAVA_HOME=C:\Program Files\Java\jdk1.8.0_25
PATH=C:\Program Files (x86)\NVIDIA Corporation\PhysX\Common;C:\ProgramData\Oracle\Java\javapath;C:\Program Files (x86)\Intel\iCLS Client\;C:\Program Files\Intel\iCLS Client\;%SystemRoot%\system32;%SystemRoot%;%SystemRoot%\System32\Wbem;%SYSTEMROOT%\System32\WindowsPowerShell\v1.0\;C:\Program Files\Intel\Intel(R) Management Engine Components\DAL;C:\Program Files (x86)\Intel\Intel(R) Management Engine Components\DAL;C:\Program Files\Intel\Intel(R) Management Engine Components\IPT;C:\Program Files (x86)\Intel\Intel(R) Management Engine Components\IPT;C:\Program Files\Intel\WiFi\bin\;C:\Program Files\Common Files\Intel\WirelessCommon\;C:\Program Files (x86)\Skype\Phone\;C:\Program Files\nodejs\;C:\Program Files\Git\;C:\Program Files\Git\cmd;C:\Program Files\nodejs\node_modules\npm\bin\;C:\Program Files (x86)\Autodesk\Backburner\;C:\Android;C:\Windows\System32;C:\Users\ADITYA\AppData\Roaming\npm
USERNAME=ADITYA
OS=Windows_NT
PROCESSOR_IDENTIFIER=Intel64 Family 6 Model 61 Stepping 4, GenuineIntel



---------------  S Y S T E M  ---------------

OS: Windows 8.1 , 64 bit Build 9600 

CPU:total 4 (2 cores per cpu, 2 threads per core) family 6 model 61 stepping 4, cmov, cx8, fxsr, mmx, sse, sse2, sse3, ssse3, sse4.1, sse4.2, popcnt, avx, avx2, aes, clmul, erms, lzcnt, ht, tsc, tscinvbit, bmi1, bmi2

Memory: 4k page, physical 8297112k(818676k free), swap 11442840k(5108k free)

vm_info: Java HotSpot(TM) 64-Bit Server VM (25.25-b02) for windows-amd64 JRE (1.8.0_25-b18), built on Oct  7 2014 14:25:37 by "java_re" with MS VC++ 10.0 (VS2010)

time: Sat Dec 16 22:18:56 2017
elapsed time: 9 seconds (0d 0h 0m 9s)

